Checking configuration
Rebuilding cmt_path.make
Rebuilding constituents.make
Rebuilding library links
Rebuilding setup.make
Linux-x86_64.make ok
Document EventDict
 starting EventDict
make[1]: entrant dans le répertoire « /projet/auger/Diane/LHAASIM/LhaaSim/v0r2/cmt »
cd ../src/; /usr/physics/root/new/bin/rootcint -f EventDict.cc -c   ../src/Event.h ../src/Station.h ../src/Array.h ../src/Particle.h ../src/LhaaSimLinkDef.h; touch EventDict
---> EventDict ok
make[1]: quittant le répertoire « /projet/auger/Diane/LHAASIM/LhaaSim/v0r2/cmt »
Document AnaDict
 starting AnaDict
make[1]: entrant dans le répertoire « /projet/auger/Diane/LHAASIM/LhaaSim/v0r2/cmt »
cd ../src/; /usr/physics/root/new/bin/rootcint -f AnaDict.cc -c   ../src/Analyze.h; touch AnaDict
---> AnaDict ok
make[1]: quittant le répertoire « /projet/auger/Diane/LHAASIM/LhaaSim/v0r2/cmt »
Library Event
 starting Event
make[1]: entrant dans le répertoire « /projet/auger/Diane/LHAASIM/LhaaSim/v0r2/cmt »
Rebuilding ../Linux-x86_64/Event_dependencies.make
make[1]: quittant le répertoire « /projet/auger/Diane/LHAASIM/LhaaSim/v0r2/cmt »
make[1]: entrant dans le répertoire « /projet/auger/Diane/LHAASIM/LhaaSim/v0r2/cmt »
../Linux-x86_64/Event.o
cd ../Linux-x86_64/; c++ -c -I"../src/" -I"../../../Convert/v0r2/src" -I"/home/deligny/CDAS/RootW/v2r8/src"   -pipe   -W -Wall -Wwrite-strings -Wpointer-arith      -Wall -pthread -m64 -I/usr/physics/root/new/include -DROOT_5_32_00 -Wno-deprecated -Wno-long-long  -Wno-deprecated  -DOPTIMIZED_VERSION -O  -fPIC -D__LINUX64__  -D_GNU_SOURCE -o Event.o        -g  -DBETA_VERSION -DVERSION="0" -DREVISION="0"        ../src/Event.cc
../Linux-x86_64/Station.o
cd ../Linux-x86_64/; c++ -c -I"../src/" -I"../../../Convert/v0r2/src" -I"/home/deligny/CDAS/RootW/v2r8/src"   -pipe   -W -Wall -Wwrite-strings -Wpointer-arith      -Wall -pthread -m64 -I/usr/physics/root/new/include -DROOT_5_32_00 -Wno-deprecated -Wno-long-long  -Wno-deprecated  -DOPTIMIZED_VERSION -O  -fPIC -D__LINUX64__  -D_GNU_SOURCE -o Station.o        -g  -DBETA_VERSION -DVERSION="0" -DREVISION="0"        ../src/Station.cc
../Linux-x86_64/Array.o
cd ../Linux-x86_64/; c++ -c -I"../src/" -I"../../../Convert/v0r2/src" -I"/home/deligny/CDAS/RootW/v2r8/src"   -pipe   -W -Wall -Wwrite-strings -Wpointer-arith      -Wall -pthread -m64 -I/usr/physics/root/new/include -DROOT_5_32_00 -Wno-deprecated -Wno-long-long  -Wno-deprecated  -DOPTIMIZED_VERSION -O  -fPIC -D__LINUX64__  -D_GNU_SOURCE -o Array.o        -g  -DBETA_VERSION -DVERSION="0" -DREVISION="0"        ../src/Array.cc
../Linux-x86_64/Particle.o
cd ../Linux-x86_64/; c++ -c -I"../src/" -I"../../../Convert/v0r2/src" -I"/home/deligny/CDAS/RootW/v2r8/src"   -pipe   -W -Wall -Wwrite-strings -Wpointer-arith      -Wall -pthread -m64 -I/usr/physics/root/new/include -DROOT_5_32_00 -Wno-deprecated -Wno-long-long  -Wno-deprecated  -DOPTIMIZED_VERSION -O  -fPIC -D__LINUX64__  -D_GNU_SOURCE -o Particle.o        -g  -DBETA_VERSION -DVERSION="0" -DREVISION="0"        ../src/Particle.cc
../Linux-x86_64/EventDict.o
cd ../Linux-x86_64/; c++ -c -I"../src/" -I"../../../Convert/v0r2/src" -I"/home/deligny/CDAS/RootW/v2r8/src"   -pipe   -W -Wall -Wwrite-strings -Wpointer-arith      -Wall -pthread -m64 -I/usr/physics/root/new/include -DROOT_5_32_00 -Wno-deprecated -Wno-long-long  -Wno-deprecated  -DOPTIMIZED_VERSION -O  -fPIC -D__LINUX64__  -D_GNU_SOURCE -o EventDict.o        -g  -DBETA_VERSION -DVERSION="0" -DREVISION="0"        ../src/EventDict.cc
library
cd ../Linux-x86_64/; ar r ../Linux-x86_64/libEvent.a ../Linux-x86_64/Event.o ../Linux-x86_64/Station.o ../Linux-x86_64/Array.o ../Linux-x86_64/Particle.o ../Linux-x86_64/EventDict.o
ranlib ../Linux-x86_64/libEvent.a
cat /dev/null >../Linux-x86_64/Event.stamp
cd ../Linux-x86_64/; /home/deligny/CDAS/CMT/v1r8cdas/mgr/cmt_make_shlib_common.sh extract Linux-x86_64 Event 
------> Event : library ok
------> Event ok
make[1]: quittant le répertoire « /projet/auger/Diane/LHAASIM/LhaaSim/v0r2/cmt »
Library Tools
 starting Tools
make[1]: entrant dans le répertoire « /projet/auger/Diane/LHAASIM/LhaaSim/v0r2/cmt »
Rebuilding ../Linux-x86_64/Tools_dependencies.make
make[1]: quittant le répertoire « /projet/auger/Diane/LHAASIM/LhaaSim/v0r2/cmt »
make[1]: entrant dans le répertoire « /projet/auger/Diane/LHAASIM/LhaaSim/v0r2/cmt »
../Linux-x86_64/ShowerParam.o
cd ../Linux-x86_64/; c++ -c -I"../src/" -I"../../../Convert/v0r2/src" -I"/home/deligny/CDAS/RootW/v2r8/src"   -pipe   -W -Wall -Wwrite-strings -Wpointer-arith      -Wall -pthread -m64 -I/usr/physics/root/new/include -DROOT_5_32_00 -Wno-deprecated -Wno-long-long  -Wno-deprecated  -DOPTIMIZED_VERSION -O  -fPIC -D__LINUX64__  -D_GNU_SOURCE -o ShowerParam.o        -g  -DBETA_VERSION -DVERSION="0" -DREVISION="0"        ../src/ShowerParam.cc
../Linux-x86_64/Utils.o
cd ../Linux-x86_64/; c++ -c -I"../src/" -I"../../../Convert/v0r2/src" -I"/home/deligny/CDAS/RootW/v2r8/src"   -pipe   -W -Wall -Wwrite-strings -Wpointer-arith      -Wall -pthread -m64 -I/usr/physics/root/new/include -DROOT_5_32_00 -Wno-deprecated -Wno-long-long  -Wno-deprecated  -DOPTIMIZED_VERSION -O  -fPIC -D__LINUX64__  -D_GNU_SOURCE -o Utils.o        -g  -DBETA_VERSION -DVERSION="0" -DREVISION="0"        ../src/Utils.cc
../Linux-x86_64/BuildProcessesTables.o
cd ../Linux-x86_64/; c++ -c -I"../src/" -I"../../../Convert/v0r2/src" -I"/home/deligny/CDAS/RootW/v2r8/src"   -pipe   -W -Wall -Wwrite-strings -Wpointer-arith      -Wall -pthread -m64 -I/usr/physics/root/new/include -DROOT_5_32_00 -Wno-deprecated -Wno-long-long  -Wno-deprecated  -DOPTIMIZED_VERSION -O  -fPIC -D__LINUX64__  -D_GNU_SOURCE -o BuildProcessesTables.o        -g  -DBETA_VERSION -DVERSION="0" -DREVISION="0"        ../src/BuildProcessesTables.cc
../Linux-x86_64/FastSimulation.o
cd ../Linux-x86_64/; c++ -c -I"../src/" -I"../../../Convert/v0r2/src" -I"/home/deligny/CDAS/RootW/v2r8/src"   -pipe   -W -Wall -Wwrite-strings -Wpointer-arith      -Wall -pthread -m64 -I/usr/physics/root/new/include -DROOT_5_32_00 -Wno-deprecated -Wno-long-long  -Wno-deprecated  -DOPTIMIZED_VERSION -O  -fPIC -D__LINUX64__  -D_GNU_SOURCE -o FastSimulation.o        -g  -DBETA_VERSION -DVERSION="0" -DREVISION="0"        ../src/FastSimulation.cc
../Linux-x86_64/ManageEvent.o
cd ../Linux-x86_64/; c++ -c -I"../src/" -I"../../../Convert/v0r2/src" -I"/home/deligny/CDAS/RootW/v2r8/src"   -pipe   -W -Wall -Wwrite-strings -Wpointer-arith      -Wall -pthread -m64 -I/usr/physics/root/new/include -DROOT_5_32_00 -Wno-deprecated -Wno-long-long  -Wno-deprecated  -DOPTIMIZED_VERSION -O  -fPIC -D__LINUX64__  -D_GNU_SOURCE -o ManageEvent.o        -g  -DBETA_VERSION -DVERSION="0" -DREVISION="0"        ../src/ManageEvent.cc
library
cd ../Linux-x86_64/; ar r ../Linux-x86_64/libTools.a ../Linux-x86_64/ShowerParam.o ../Linux-x86_64/Utils.o ../Linux-x86_64/BuildProcessesTables.o ../Linux-x86_64/FastSimulation.o ../Linux-x86_64/ManageEvent.o
ranlib ../Linux-x86_64/libTools.a
cat /dev/null >../Linux-x86_64/Tools.stamp
cd ../Linux-x86_64/; /home/deligny/CDAS/CMT/v1r8cdas/mgr/cmt_make_shlib_common.sh extract Linux-x86_64 Tools 
------> Tools : library ok
------> Tools ok
make[1]: quittant le répertoire « /projet/auger/Diane/LHAASIM/LhaaSim/v0r2/cmt »
Library Config
 starting Config
make[1]: entrant dans le répertoire « /projet/auger/Diane/LHAASIM/LhaaSim/v0r2/cmt »
Rebuilding ../Linux-x86_64/Config_dependencies.make
make[1]: quittant le répertoire « /projet/auger/Diane/LHAASIM/LhaaSim/v0r2/cmt »
make[1]: entrant dans le répertoire « /projet/auger/Diane/LHAASIM/LhaaSim/v0r2/cmt »
../Linux-x86_64/LhaaSimConfig.o
cd ../Linux-x86_64/; c++ -c -I"../src/" -I"../../../Convert/v0r2/src" -I"/home/deligny/CDAS/RootW/v2r8/src"   -pipe   -W -Wall -Wwrite-strings -Wpointer-arith      -Wall -pthread -m64 -I/usr/physics/root/new/include -DROOT_5_32_00 -Wno-deprecated -Wno-long-long  -Wno-deprecated  -DOPTIMIZED_VERSION -O  -fPIC -D__LINUX64__  -D_GNU_SOURCE -o LhaaSimConfig.o        -g  -DBETA_VERSION -DVERSION="0" -DREVISION="0"        ../src/LhaaSimConfig.cc
library
cd ../Linux-x86_64/; ar r ../Linux-x86_64/libConfig.a ../Linux-x86_64/LhaaSimConfig.o
ranlib ../Linux-x86_64/libConfig.a
cat /dev/null >../Linux-x86_64/Config.stamp
cd ../Linux-x86_64/; /home/deligny/CDAS/CMT/v1r8cdas/mgr/cmt_make_shlib_common.sh extract Linux-x86_64 Config 
------> Config : library ok
------> Config ok
make[1]: quittant le répertoire « /projet/auger/Diane/LHAASIM/LhaaSim/v0r2/cmt »
Library Ana
 starting Ana
make[1]: entrant dans le répertoire « /projet/auger/Diane/LHAASIM/LhaaSim/v0r2/cmt »
Rebuilding ../Linux-x86_64/Ana_dependencies.make
make[1]: quittant le répertoire « /projet/auger/Diane/LHAASIM/LhaaSim/v0r2/cmt »
make[1]: entrant dans le répertoire « /projet/auger/Diane/LHAASIM/LhaaSim/v0r2/cmt »
../Linux-x86_64/Analyze.o
cd ../Linux-x86_64/; c++ -c -I"../src/" -I"../../../Convert/v0r2/src" -I"/home/deligny/CDAS/RootW/v2r8/src"   -pipe   -W -Wall -Wwrite-strings -Wpointer-arith      -Wall -pthread -m64 -I/usr/physics/root/new/include -DROOT_5_32_00 -Wno-deprecated -Wno-long-long  -Wno-deprecated  -DOPTIMIZED_VERSION -O  -fPIC -D__LINUX64__  -D_GNU_SOURCE -o Analyze.o        -g  -DBETA_VERSION -DVERSION="0" -DREVISION="0"        ../src/Analyze.cc
../Linux-x86_64/AnaDict.o
cd ../Linux-x86_64/; c++ -c -I"../src/" -I"../../../Convert/v0r2/src" -I"/home/deligny/CDAS/RootW/v2r8/src"   -pipe   -W -Wall -Wwrite-strings -Wpointer-arith      -Wall -pthread -m64 -I/usr/physics/root/new/include -DROOT_5_32_00 -Wno-deprecated -Wno-long-long  -Wno-deprecated  -DOPTIMIZED_VERSION -O  -fPIC -D__LINUX64__  -D_GNU_SOURCE -o AnaDict.o        -g  -DBETA_VERSION -DVERSION="0" -DREVISION="0"        ../src/AnaDict.cc
library
cd ../Linux-x86_64/; ar r ../Linux-x86_64/libAna.a ../Linux-x86_64/Analyze.o ../Linux-x86_64/AnaDict.o
ranlib ../Linux-x86_64/libAna.a
cat /dev/null >../Linux-x86_64/Ana.stamp
cd ../Linux-x86_64/; /home/deligny/CDAS/CMT/v1r8cdas/mgr/cmt_make_shlib_common.sh extract Linux-x86_64 Ana 
------> Ana : library ok
------> Ana ok
make[1]: quittant le répertoire « /projet/auger/Diane/LHAASIM/LhaaSim/v0r2/cmt »
Application LhaaSim
 starting LhaaSim
make[1]: entrant dans le répertoire « /projet/auger/Diane/LHAASIM/LhaaSim/v0r2/cmt »
Rebuilding ../Linux-x86_64/LhaaSim_dependencies.make
make[1]: quittant le répertoire « /projet/auger/Diane/LHAASIM/LhaaSim/v0r2/cmt »
make[1]: entrant dans le répertoire « /projet/auger/Diane/LHAASIM/LhaaSim/v0r2/cmt »
../Linux-x86_64/LhaaSim.o
cd ../Linux-x86_64/; c++ -c -I"../src/" -I"../../../Convert/v0r2/src" -I"/home/deligny/CDAS/RootW/v2r8/src"   -pipe   -W -Wall -Wwrite-strings -Wpointer-arith      -Wall -pthread -m64 -I/usr/physics/root/new/include -DROOT_5_32_00 -Wno-deprecated -Wno-long-long  -Wno-deprecated  -DOPTIMIZED_VERSION -O  -fPIC -D__LINUX64__  -D_GNU_SOURCE -o LhaaSim.o        -g  -DBETA_VERSION -DVERSION="0" -DREVISION="0"   -g   -g    ../src/LhaaSim.cc
../Linux-x86_64/LhaaSim.exe
cd ../Linux-x86_64/; c++  -o LhaaSim.exe.new ../Linux-x86_64/LhaaSim.o -L/projet/auger/Diane/LHAASIM/LhaaSim/v0r2/Linux-x86_64 -Wl,-rpath /projet/auger/Diane/LHAASIM/LhaaSim/v0r2/Linux-x86_64  -lEvent -lTools -lConfig  -lAna  -L/projet/auger/Diane/LHAASIM/Convert/v0r2/Linux-x86_64 -lShowerROOT -lShowerIO -lUtils -Wl,-rpath /projet/auger/Diane/LHAASIM/Convert/v0r2/Linux-x86_64 -L/projet/auger/Aires/2-8-4a/lib -lAires -lgfortran  -L/usr/physics/root/new/lib -L/usr/physics/root/new/lib -lCore -lCint -lRIO -lNet -lHist -lGraf -lGraf3d -lGpad -lTree -lRint -lPostscript -lMatrix -lPhysics -lMathCore -lThread -pthread -lm -ldl -rdynamic  -Wl,-rpath /usr/physics/root/new/lib   ; mv -f LhaaSim.exe.new LhaaSim.exe
------> LhaaSim ok
make[1]: quittant le répertoire « /projet/auger/Diane/LHAASIM/LhaaSim/v0r2/cmt »
Application AnaEvent
#CMT> Warning : Source file ../src/AnaEvent.cc not found
 starting AnaEvent
make[1]: entrant dans le répertoire « /projet/auger/Diane/LHAASIM/LhaaSim/v0r2/cmt »
No action for ../src/AnaEvent.cc
Rebuilding ../Linux-x86_64/AnaEvent_dependencies.make
make[1]: quittant le répertoire « /projet/auger/Diane/LHAASIM/LhaaSim/v0r2/cmt »
make[1]: entrant dans le répertoire « /projet/auger/Diane/LHAASIM/LhaaSim/v0r2/cmt »
No action for ../src/AnaEvent.cc
Rebuilding ../Linux-x86_64/AnaEvent_dependencies.make
make[1]: quittant le répertoire « /projet/auger/Diane/LHAASIM/LhaaSim/v0r2/cmt »
make[1]: entrant dans le répertoire « /projet/auger/Diane/LHAASIM/LhaaSim/v0r2/cmt »
No action for ../src/AnaEvent.cc
Rebuilding ../Linux-x86_64/AnaEvent_dependencies.make
make[1]: quittant le répertoire « /projet/auger/Diane/LHAASIM/LhaaSim/v0r2/cmt »
make[1]: entrant dans le répertoire « /projet/auger/Diane/LHAASIM/LhaaSim/v0r2/cmt »
No action for ../src/AnaEvent.cc
Rebuilding ../Linux-x86_64/AnaEvent_dependencies.make
make[1]: quittant le répertoire « /projet/auger/Diane/LHAASIM/LhaaSim/v0r2/cmt »
make[1]: entrant dans le répertoire « /projet/auger/Diane/LHAASIM/LhaaSim/v0r2/cmt »
No action for ../src/AnaEvent.cc
Rebuilding ../Linux-x86_64/AnaEvent_dependencies.make
make[1]: quittant le répertoire « /projet/auger/Diane/LHAASIM/LhaaSim/v0r2/cmt »
make[1]: entrant dans le répertoire « /projet/auger/Diane/LHAASIM/LhaaSim/v0r2/cmt »
No action for ../src/AnaEvent.cc
Rebuilding ../Linux-x86_64/AnaEvent_dependencies.make
make[1]: quittant le répertoire « /projet/auger/Diane/LHAASIM/LhaaSim/v0r2/cmt »
make[1]: entrant dans le répertoire « /projet/auger/Diane/LHAASIM/LhaaSim/v0r2/cmt »
No action for ../src/AnaEvent.cc
Rebuilding ../Linux-x86_64/AnaEvent_dependencies.make
make[1]: quittant le répertoire « /projet/auger/Diane/LHAASIM/LhaaSim/v0r2/cmt »
make[1]: entrant dans le répertoire « /projet/auger/Diane/LHAASIM/LhaaSim/v0r2/cmt »
No action for ../src/AnaEvent.cc
Rebuilding ../Linux-x86_64/AnaEvent_dependencies.make
make[1]: quittant le répertoire « /projet/auger/Diane/LHAASIM/LhaaSim/v0r2/cmt »
make[1]: entrant dans le répertoire « /projet/auger/Diane/LHAASIM/LhaaSim/v0r2/cmt »
No action for ../src/AnaEvent.cc
Rebuilding ../Linux-x86_64/AnaEvent_dependencies.make
make[1]: quittant le répertoire « /projet/auger/Diane/LHAASIM/LhaaSim/v0r2/cmt »
make[1]: entrant dans le répertoire « /projet/auger/Diane/LHAASIM/LhaaSim/v0r2/cmt »
No action for ../src/AnaEvent.cc
Rebuilding ../Linux-x86_64/AnaEvent_dependencies.make
make[1]: quittant le répertoire « /projet/auger/Diane/LHAASIM/LhaaSim/v0r2/cmt »
make[1]: entrant dans le répertoire « /projet/auger/Diane/LHAASIM/LhaaSim/v0r2/cmt »
No action for ../src/AnaEvent.cc
Rebuilding ../Linux-x86_64/AnaEvent_dependencies.make
make[1]: quittant le répertoire « /projet/auger/Diane/LHAASIM/LhaaSim/v0r2/cmt »
make[1]: entrant dans le répertoire « /projet/auger/Diane/LHAASIM/LhaaSim/v0r2/cmt »
No action for ../src/AnaEvent.cc
Rebuilding ../Linux-x86_64/AnaEvent_dependencies.make
make[1]: quittant le répertoire « /projet/auger/Diane/LHAASIM/LhaaSim/v0r2/cmt »
make[1]: entrant dans le répertoire « /projet/auger/Diane/LHAASIM/LhaaSim/v0r2/cmt »
No action for ../src/AnaEvent.cc
Rebuilding ../Linux-x86_64/AnaEvent_dependencies.make
make[1]: quittant le répertoire « /projet/auger/Diane/LHAASIM/LhaaSim/v0r2/cmt »
make[1]: entrant dans le répertoire « /projet/auger/Diane/LHAASIM/LhaaSim/v0r2/cmt »
No action for ../src/AnaEvent.cc
Rebuilding ../Linux-x86_64/AnaEvent_dependencies.make
make[1]: quittant le répertoire « /projet/auger/Diane/LHAASIM/LhaaSim/v0r2/cmt »
make[1]: entrant dans le répertoire « /projet/auger/Diane/LHAASIM/LhaaSim/v0r2/cmt »
No action for ../src/AnaEvent.cc
Rebuilding ../Linux-x86_64/AnaEvent_dependencies.make
make[1]: quittant le répertoire « /projet/auger/Diane/LHAASIM/LhaaSim/v0r2/cmt »
make[1]: entrant dans le répertoire « /projet/auger/Diane/LHAASIM/LhaaSim/v0r2/cmt »
No action for ../src/AnaEvent.cc
Rebuilding ../Linux-x86_64/AnaEvent_dependencies.make
make[1]: quittant le répertoire « /projet/auger/Diane/LHAASIM/LhaaSim/v0r2/cmt »
make[1]: entrant dans le répertoire « /projet/auger/Diane/LHAASIM/LhaaSim/v0r2/cmt »
No action for ../src/AnaEvent.cc
Rebuilding ../Linux-x86_64/AnaEvent_dependencies.make
make[1]: quittant le répertoire « /projet/auger/Diane/LHAASIM/LhaaSim/v0r2/cmt »
make[1]: entrant dans le répertoire « /projet/auger/Diane/LHAASIM/LhaaSim/v0r2/cmt »
No action for ../src/AnaEvent.cc
Rebuilding ../Linux-x86_64/AnaEvent_dependencies.make
make[1]: quittant le répertoire « /projet/auger/Diane/LHAASIM/LhaaSim/v0r2/cmt »
make[1]: entrant dans le répertoire « /projet/auger/Diane/LHAASIM/LhaaSim/v0r2/cmt »
No action for ../src/AnaEvent.cc
Rebuilding ../Linux-x86_64/AnaEvent_dependencies.make
make[1]: quittant le répertoire « /projet/auger/Diane/LHAASIM/LhaaSim/v0r2/cmt »
make[1]: entrant dans le répertoire « /projet/auger/Diane/LHAASIM/LhaaSim/v0r2/cmt »
No action for ../src/AnaEvent.cc
Rebuilding ../Linux-x86_64/AnaEvent_dependencies.make
make[1]: quittant le répertoire « /projet/auger/Diane/LHAASIM/LhaaSim/v0r2/cmt »
make[1]: entrant dans le répertoire « /projet/auger/Diane/LHAASIM/LhaaSim/v0r2/cmt »
No action for ../src/AnaEvent.cc
Rebuilding ../Linux-x86_64/AnaEvent_dependencies.make
make[1]: quittant le répertoire « /projet/auger/Diane/LHAASIM/LhaaSim/v0r2/cmt »
make[1]: entrant dans le répertoire « /projet/auger/Diane/LHAASIM/LhaaSim/v0r2/cmt »
No action for ../src/AnaEvent.cc
Rebuilding ../Linux-x86_64/AnaEvent_dependencies.make
make[1]: quittant le répertoire « /projet/auger/Diane/LHAASIM/LhaaSim/v0r2/cmt »
make[1]: entrant dans le répertoire « /projet/auger/Diane/LHAASIM/LhaaSim/v0r2/cmt »
No action for ../src/AnaEvent.cc
Rebuilding ../Linux-x86_64/AnaEvent_dependencies.make
make[1]: quittant le répertoire « /projet/auger/Diane/LHAASIM/LhaaSim/v0r2/cmt »
make[1]: entrant dans le répertoire « /projet/auger/Diane/LHAASIM/LhaaSim/v0r2/cmt »
No action for ../src/AnaEvent.cc
Rebuilding ../Linux-x86_64/AnaEvent_dependencies.make
make[1]: quittant le répertoire « /projet/auger/Diane/LHAASIM/LhaaSim/v0r2/cmt »
make[1]: entrant dans le répertoire « /projet/auger/Diane/LHAASIM/LhaaSim/v0r2/cmt »
No action for ../src/AnaEvent.cc
Rebuilding ../Linux-x86_64/AnaEvent_dependencies.make
make[1]: quittant le répertoire « /projet/auger/Diane/LHAASIM/LhaaSim/v0r2/cmt »
make[1]: entrant dans le répertoire « /projet/auger/Diane/LHAASIM/LhaaSim/v0r2/cmt »
No action for ../src/AnaEvent.cc
Rebuilding ../Linux-x86_64/AnaEvent_dependencies.make
make[1]: quittant le répertoire « /projet/auger/Diane/LHAASIM/LhaaSim/v0r2/cmt »
make[1]: entrant dans le répertoire « /projet/auger/Diane/LHAASIM/LhaaSim/v0r2/cmt »
No action for ../src/AnaEvent.cc
Rebuilding ../Linux-x86_64/AnaEvent_dependencies.make
make[1]: quittant le répertoire « /projet/auger/Diane/LHAASIM/LhaaSim/v0r2/cmt »
make[1]: entrant dans le répertoire « /projet/auger/Diane/LHAASIM/LhaaSim/v0r2/cmt »
No action for ../src/AnaEvent.cc
Rebuilding ../Linux-x86_64/AnaEvent_dependencies.make
make[1]: quittant le répertoire « /projet/auger/Diane/LHAASIM/LhaaSim/v0r2/cmt »
make[1]: entrant dans le répertoire « /projet/auger/Diane/LHAASIM/LhaaSim/v0r2/cmt »
No action for ../src/AnaEvent.cc
Rebuilding ../Linux-x86_64/AnaEvent_dependencies.make
make[1]: quittant le répertoire « /projet/auger/Diane/LHAASIM/LhaaSim/v0r2/cmt »
make[1]: entrant dans le répertoire « /projet/auger/Diane/LHAASIM/LhaaSim/v0r2/cmt »
No action for ../src/AnaEvent.cc
Rebuilding ../Linux-x86_64/AnaEvent_dependencies.make
make[1]: quittant le répertoire « /projet/auger/Diane/LHAASIM/LhaaSim/v0r2/cmt »
make[1]: entrant dans le répertoire « /projet/auger/Diane/LHAASIM/LhaaSim/v0r2/cmt »
No action for ../src/AnaEvent.cc
Rebuilding ../Linux-x86_64/AnaEvent_dependencies.make
make[1]: quittant le répertoire « /projet/auger/Diane/LHAASIM/LhaaSim/v0r2/cmt »
make[1]: entrant dans le répertoire « /projet/auger/Diane/LHAASIM/LhaaSim/v0r2/cmt »
No action for ../src/AnaEvent.cc
Rebuilding ../Linux-x86_64/AnaEvent_dependencies.make
make[1]: quittant le répertoire « /projet/auger/Diane/LHAASIM/LhaaSim/v0r2/cmt »
make[1]: entrant dans le répertoire « /projet/auger/Diane/LHAASIM/LhaaSim/v0r2/cmt »
No action for ../src/AnaEvent.cc
Rebuilding ../Linux-x86_64/AnaEvent_dependencies.make
make[1]: quittant le répertoire « /projet/auger/Diane/LHAASIM/LhaaSim/v0r2/cmt »
make[1]: entrant dans le répertoire « /projet/auger/Diane/LHAASIM/LhaaSim/v0r2/cmt »
No action for ../src/AnaEvent.cc
Rebuilding ../Linux-x86_64/AnaEvent_dependencies.make
make[1]: quittant le répertoire « /projet/auger/Diane/LHAASIM/LhaaSim/v0r2/cmt »
make[1]: entrant dans le répertoire « /projet/auger/Diane/LHAASIM/LhaaSim/v0r2/cmt »
No action for ../src/AnaEvent.cc
Rebuilding ../Linux-x86_64/AnaEvent_dependencies.make
make[1]: quittant le répertoire « /projet/auger/Diane/LHAASIM/LhaaSim/v0r2/cmt »
make[1]: entrant dans le répertoire « /projet/auger/Diane/LHAASIM/LhaaSim/v0r2/cmt »
No action for ../src/AnaEvent.cc
Rebuilding ../Linux-x86_64/AnaEvent_dependencies.make
make[1]: quittant le répertoire « /projet/auger/Diane/LHAASIM/LhaaSim/v0r2/cmt »
make[1]: entrant dans le répertoire « /projet/auger/Diane/LHAASIM/LhaaSim/v0r2/cmt »
No action for ../src/AnaEvent.cc
Rebuilding ../Linux-x86_64/AnaEvent_dependencies.make
make[1]: quittant le répertoire « /projet/auger/Diane/LHAASIM/LhaaSim/v0r2/cmt »
make[1]: entrant dans le répertoire « /projet/auger/Diane/LHAASIM/LhaaSim/v0r2/cmt »
No action for ../src/AnaEvent.cc
Rebuilding ../Linux-x86_64/AnaEvent_dependencies.make
make[1]: quittant le répertoire « /projet/auger/Diane/LHAASIM/LhaaSim/v0r2/cmt »
make[1]: entrant dans le répertoire « /projet/auger/Diane/LHAASIM/LhaaSim/v0r2/cmt »
No action for ../src/AnaEvent.cc
Rebuilding ../Linux-x86_64/AnaEvent_dependencies.make
make[1]: quittant le répertoire « /projet/auger/Diane/LHAASIM/LhaaSim/v0r2/cmt »
make[1]: entrant dans le répertoire « /projet/auger/Diane/LHAASIM/LhaaSim/v0r2/cmt »
No action for ../src/AnaEvent.cc
Rebuilding ../Linux-x86_64/AnaEvent_dependencies.make
make[1]: quittant le répertoire « /projet/auger/Diane/LHAASIM/LhaaSim/v0r2/cmt »
make[1]: entrant dans le répertoire « /projet/auger/Diane/LHAASIM/LhaaSim/v0r2/cmt »
No action for ../src/AnaEvent.cc
Rebuilding ../Linux-x86_64/AnaEvent_dependencies.make
make[1]: quittant le répertoire « /projet/auger/Diane/LHAASIM/LhaaSim/v0r2/cmt »
make[1]: entrant dans le répertoire « /projet/auger/Diane/LHAASIM/LhaaSim/v0r2/cmt »
No action for ../src/AnaEvent.cc
Rebuilding ../Linux-x86_64/AnaEvent_dependencies.make
make[1]: quittant le répertoire « /projet/auger/Diane/LHAASIM/LhaaSim/v0r2/cmt »
make[1]: entrant dans le répertoire « /projet/auger/Diane/LHAASIM/LhaaSim/v0r2/cmt »
No action for ../src/AnaEvent.cc
Rebuilding ../Linux-x86_64/AnaEvent_dependencies.make
make[1]: quittant le répertoire « /projet/auger/Diane/LHAASIM/LhaaSim/v0r2/cmt »
make[1]: entrant dans le répertoire « /projet/auger/Diane/LHAASIM/LhaaSim/v0r2/cmt »
No action for ../src/AnaEvent.cc
Rebuilding ../Linux-x86_64/AnaEvent_dependencies.make
make[1]: quittant le répertoire « /projet/auger/Diane/LHAASIM/LhaaSim/v0r2/cmt »
make[1]: entrant dans le répertoire « /projet/auger/Diane/LHAASIM/LhaaSim/v0r2/cmt »
No action for ../src/AnaEvent.cc
Rebuilding ../Linux-x86_64/AnaEvent_dependencies.make
make[1]: quittant le répertoire « /projet/auger/Diane/LHAASIM/LhaaSim/v0r2/cmt »
make[1]: entrant dans le répertoire « /projet/auger/Diane/LHAASIM/LhaaSim/v0r2/cmt »
No action for ../src/AnaEvent.cc
Rebuilding ../Linux-x86_64/AnaEvent_dependencies.make
make[1]: quittant le répertoire « /projet/auger/Diane/LHAASIM/LhaaSim/v0r2/cmt »
make[1]: entrant dans le répertoire « /projet/auger/Diane/LHAASIM/LhaaSim/v0r2/cmt »
No action for ../src/AnaEvent.cc
Rebuilding ../Linux-x86_64/AnaEvent_dependencies.make
make[1]: quittant le répertoire « /projet/auger/Diane/LHAASIM/LhaaSim/v0r2/cmt »
make[1]: entrant dans le répertoire « /projet/auger/Diane/LHAASIM/LhaaSim/v0r2/cmt »
No action for ../src/AnaEvent.cc
Rebuilding ../Linux-x86_64/AnaEvent_dependencies.make
make[1]: quittant le répertoire « /projet/auger/Diane/LHAASIM/LhaaSim/v0r2/cmt »
make[1]: entrant dans le répertoire « /projet/auger/Diane/LHAASIM/LhaaSim/v0r2/cmt »
No action for ../src/AnaEvent.cc
Rebuilding ../Linux-x86_64/AnaEvent_dependencies.make
make[1]: quittant le répertoire « /projet/auger/Diane/LHAASIM/LhaaSim/v0r2/cmt »
make[1]: entrant dans le répertoire « /projet/auger/Diane/LHAASIM/LhaaSim/v0r2/cmt »
No action for ../src/AnaEvent.cc
Rebuilding ../Linux-x86_64/AnaEvent_dependencies.make
make[1]: quittant le répertoire « /projet/auger/Diane/LHAASIM/LhaaSim/v0r2/cmt »
make[1]: entrant dans le répertoire « /projet/auger/Diane/LHAASIM/LhaaSim/v0r2/cmt »
No action for ../src/AnaEvent.cc
Rebuilding ../Linux-x86_64/AnaEvent_dependencies.make
make[1]: quittant le répertoire « /projet/auger/Diane/LHAASIM/LhaaSim/v0r2/cmt »
make[1]: entrant dans le répertoire « /projet/auger/Diane/LHAASIM/LhaaSim/v0r2/cmt »
No action for ../src/AnaEvent.cc
Rebuilding ../Linux-x86_64/AnaEvent_dependencies.make
make[1]: quittant le répertoire « /projet/auger/Diane/LHAASIM/LhaaSim/v0r2/cmt »
make[1]: entrant dans le répertoire « /projet/auger/Diane/LHAASIM/LhaaSim/v0r2/cmt »
No action for ../src/AnaEvent.cc
Rebuilding ../Linux-x86_64/AnaEvent_dependencies.make
make[1]: quittant le répertoire « /projet/auger/Diane/LHAASIM/LhaaSim/v0r2/cmt »
make[1]: entrant dans le répertoire « /projet/auger/Diane/LHAASIM/LhaaSim/v0r2/cmt »
No action for ../src/AnaEvent.cc
Rebuilding ../Linux-x86_64/AnaEvent_dependencies.make
make[1]: quittant le répertoire « /projet/auger/Diane/LHAASIM/LhaaSim/v0r2/cmt »
make[1]: entrant dans le répertoire « /projet/auger/Diane/LHAASIM/LhaaSim/v0r2/cmt »
No action for ../src/AnaEvent.cc
Rebuilding ../Linux-x86_64/AnaEvent_dependencies.make
make[1]: quittant le répertoire « /projet/auger/Diane/LHAASIM/LhaaSim/v0r2/cmt »
make[1]: entrant dans le répertoire « /projet/auger/Diane/LHAASIM/LhaaSim/v0r2/cmt »
No action for ../src/AnaEvent.cc
Rebuilding ../Linux-x86_64/AnaEvent_dependencies.make
make[1]: quittant le répertoire « /projet/auger/Diane/LHAASIM/LhaaSim/v0r2/cmt »
make[1]: entrant dans le répertoire « /projet/auger/Diane/LHAASIM/LhaaSim/v0r2/cmt »
No action for ../src/AnaEvent.cc
Rebuilding ../Linux-x86_64/AnaEvent_dependencies.make
make[1]: quittant le répertoire « /projet/auger/Diane/LHAASIM/LhaaSim/v0r2/cmt »
make[1]: entrant dans le répertoire « /projet/auger/Diane/LHAASIM/LhaaSim/v0r2/cmt »
No action for ../src/AnaEvent.cc
Rebuilding ../Linux-x86_64/AnaEvent_dependencies.make
make[1]: quittant le répertoire « /projet/auger/Diane/LHAASIM/LhaaSim/v0r2/cmt »
make[1]: entrant dans le répertoire « /projet/auger/Diane/LHAASIM/LhaaSim/v0r2/cmt »
No action for ../src/AnaEvent.cc
Rebuilding ../Linux-x86_64/AnaEvent_dependencies.make
make[1]: quittant le répertoire « /projet/auger/Diane/LHAASIM/LhaaSim/v0r2/cmt »
make[1]: entrant dans le répertoire « /projet/auger/Diane/LHAASIM/LhaaSim/v0r2/cmt »
No action for ../src/AnaEvent.cc
Rebuilding ../Linux-x86_64/AnaEvent_dependencies.make
make[1]: quittant le répertoire « /projet/auger/Diane/LHAASIM/LhaaSim/v0r2/cmt »
make[1]: entrant dans le répertoire « /projet/auger/Diane/LHAASIM/LhaaSim/v0r2/cmt »
No action for ../src/AnaEvent.cc
Rebuilding ../Linux-x86_64/AnaEvent_dependencies.make
make[1]: quittant le répertoire « /projet/auger/Diane/LHAASIM/LhaaSim/v0r2/cmt »
make[1]: entrant dans le répertoire « /projet/auger/Diane/LHAASIM/LhaaSim/v0r2/cmt »
No action for ../src/AnaEvent.cc
Rebuilding ../Linux-x86_64/AnaEvent_dependencies.make
make[1]: quittant le répertoire « /projet/auger/Diane/LHAASIM/LhaaSim/v0r2/cmt »
make[1]: entrant dans le répertoire « /projet/auger/Diane/LHAASIM/LhaaSim/v0r2/cmt »
No action for ../src/AnaEvent.cc
Rebuilding ../Linux-x86_64/AnaEvent_dependencies.make
make[1]: quittant le répertoire « /projet/auger/Diane/LHAASIM/LhaaSim/v0r2/cmt »
make[1]: entrant dans le répertoire « /projet/auger/Diane/LHAASIM/LhaaSim/v0r2/cmt »
No action for ../src/AnaEvent.cc
Rebuilding ../Linux-x86_64/AnaEvent_dependencies.make
make[1]: quittant le répertoire « /projet/auger/Diane/LHAASIM/LhaaSim/v0r2/cmt »
make[1]: entrant dans le répertoire « /projet/auger/Diane/LHAASIM/LhaaSim/v0r2/cmt »
No action for ../src/AnaEvent.cc
Rebuilding ../Linux-x86_64/AnaEvent_dependencies.make
make[1]: quittant le répertoire « /projet/auger/Diane/LHAASIM/LhaaSim/v0r2/cmt »
make[1]: entrant dans le répertoire « /projet/auger/Diane/LHAASIM/LhaaSim/v0r2/cmt »
No action for ../src/AnaEvent.cc
Rebuilding ../Linux-x86_64/AnaEvent_dependencies.make
make[1]: quittant le répertoire « /projet/auger/Diane/LHAASIM/LhaaSim/v0r2/cmt »
make[1]: entrant dans le répertoire « /projet/auger/Diane/LHAASIM/LhaaSim/v0r2/cmt »
No action for ../src/AnaEvent.cc
Rebuilding ../Linux-x86_64/AnaEvent_dependencies.make
make[1]: quittant le répertoire « /projet/auger/Diane/LHAASIM/LhaaSim/v0r2/cmt »
make[1]: entrant dans le répertoire « /projet/auger/Diane/LHAASIM/LhaaSim/v0r2/cmt »
No action for ../src/AnaEvent.cc
Rebuilding ../Linux-x86_64/AnaEvent_dependencies.make
make[1]: quittant le répertoire « /projet/auger/Diane/LHAASIM/LhaaSim/v0r2/cmt »
make[1]: entrant dans le répertoire « /projet/auger/Diane/LHAASIM/LhaaSim/v0r2/cmt »
No action for ../src/AnaEvent.cc
Rebuilding ../Linux-x86_64/AnaEvent_dependencies.make
make[1]: quittant le répertoire « /projet/auger/Diane/LHAASIM/LhaaSim/v0r2/cmt »
make[1]: entrant dans le répertoire « /projet/auger/Diane/LHAASIM/LhaaSim/v0r2/cmt »
No action for ../src/AnaEvent.cc
Rebuilding ../Linux-x86_64/AnaEvent_dependencies.make
make[1]: quittant le répertoire « /projet/auger/Diane/LHAASIM/LhaaSim/v0r2/cmt »
make[1]: entrant dans le répertoire « /projet/auger/Diane/LHAASIM/LhaaSim/v0r2/cmt »
No action for ../src/AnaEvent.cc
Rebuilding ../Linux-x86_64/AnaEvent_dependencies.make
make[1]: quittant le répertoire « /projet/auger/Diane/LHAASIM/LhaaSim/v0r2/cmt »
make[1]: entrant dans le répertoire « /projet/auger/Diane/LHAASIM/LhaaSim/v0r2/cmt »
No action for ../src/AnaEvent.cc
Rebuilding ../Linux-x86_64/AnaEvent_dependencies.make
make[1]: quittant le répertoire « /projet/auger/Diane/LHAASIM/LhaaSim/v0r2/cmt »
make[1]: entrant dans le répertoire « /projet/auger/Diane/LHAASIM/LhaaSim/v0r2/cmt »
No action for ../src/AnaEvent.cc
Rebuilding ../Linux-x86_64/AnaEvent_dependencies.make
make[1]: quittant le répertoire « /projet/auger/Diane/LHAASIM/LhaaSim/v0r2/cmt »
make[1]: entrant dans le répertoire « /projet/auger/Diane/LHAASIM/LhaaSim/v0r2/cmt »
No action for ../src/AnaEvent.cc
Rebuilding ../Linux-x86_64/AnaEvent_dependencies.make
make[1]: quittant le répertoire « /projet/auger/Diane/LHAASIM/LhaaSim/v0r2/cmt »
make[1]: entrant dans le répertoire « /projet/auger/Diane/LHAASIM/LhaaSim/v0r2/cmt »
No action for ../src/AnaEvent.cc
Rebuilding ../Linux-x86_64/AnaEvent_dependencies.make
make[1]: quittant le répertoire « /projet/auger/Diane/LHAASIM/LhaaSim/v0r2/cmt »
make[1]: entrant dans le répertoire « /projet/auger/Diane/LHAASIM/LhaaSim/v0r2/cmt »
No action for ../src/AnaEvent.cc
Rebuilding ../Linux-x86_64/AnaEvent_dependencies.make
make[1]: quittant le répertoire « /projet/auger/Diane/LHAASIM/LhaaSim/v0r2/cmt »
make[1]: entrant dans le répertoire « /projet/auger/Diane/LHAASIM/LhaaSim/v0r2/cmt »
No action for ../src/AnaEvent.cc
Rebuilding ../Linux-x86_64/AnaEvent_dependencies.make
make[1]: quittant le répertoire « /projet/auger/Diane/LHAASIM/LhaaSim/v0r2/cmt »
make[1]: entrant dans le répertoire « /projet/auger/Diane/LHAASIM/LhaaSim/v0r2/cmt »
No action for ../src/AnaEvent.cc
Rebuilding ../Linux-x86_64/AnaEvent_dependencies.make
make[1]: quittant le répertoire « /projet/auger/Diane/LHAASIM/LhaaSim/v0r2/cmt »
make[1]: entrant dans le répertoire « /projet/auger/Diane/LHAASIM/LhaaSim/v0r2/cmt »
No action for ../src/AnaEvent.cc
Rebuilding ../Linux-x86_64/AnaEvent_dependencies.make
make[1]: quittant le répertoire « /projet/auger/Diane/LHAASIM/LhaaSim/v0r2/cmt »
make[1]: entrant dans le répertoire « /projet/auger/Diane/LHAASIM/LhaaSim/v0r2/cmt »
No action for ../src/AnaEvent.cc
Rebuilding ../Linux-x86_64/AnaEvent_dependencies.make
make[1]: quittant le répertoire « /projet/auger/Diane/LHAASIM/LhaaSim/v0r2/cmt »
make[1]: entrant dans le répertoire « /projet/auger/Diane/LHAASIM/LhaaSim/v0r2/cmt »
No action for ../src/AnaEvent.cc
Rebuilding ../Linux-x86_64/AnaEvent_dependencies.make
make[1]: quittant le répertoire « /projet/auger/Diane/LHAASIM/LhaaSim/v0r2/cmt »
make[1]: entrant dans le répertoire « /projet/auger/Diane/LHAASIM/LhaaSim/v0r2/cmt »
No action for ../src/AnaEvent.cc
Rebuilding ../Linux-x86_64/AnaEvent_dependencies.make
make[1]: quittant le répertoire « /projet/auger/Diane/LHAASIM/LhaaSim/v0r2/cmt »
make[1]: entrant dans le répertoire « /projet/auger/Diane/LHAASIM/LhaaSim/v0r2/cmt »
No action for ../src/AnaEvent.cc
Rebuilding ../Linux-x86_64/AnaEvent_dependencies.make
make[1]: quittant le répertoire « /projet/auger/Diane/LHAASIM/LhaaSim/v0r2/cmt »
make[1]: entrant dans le répertoire « /projet/auger/Diane/LHAASIM/LhaaSim/v0r2/cmt »
No action for ../src/AnaEvent.cc
Rebuilding ../Linux-x86_64/AnaEvent_dependencies.make
make[1]: quittant le répertoire « /projet/auger/Diane/LHAASIM/LhaaSim/v0r2/cmt »
make[1]: entrant dans le répertoire « /projet/auger/Diane/LHAASIM/LhaaSim/v0r2/cmt »
No action for ../src/AnaEvent.cc
Rebuilding ../Linux-x86_64/AnaEvent_dependencies.make
make[1]: quittant le répertoire « /projet/auger/Diane/LHAASIM/LhaaSim/v0r2/cmt »
make[1]: entrant dans le répertoire « /projet/auger/Diane/LHAASIM/LhaaSim/v0r2/cmt »
No action for ../src/AnaEvent.cc
Rebuilding ../Linux-x86_64/AnaEvent_dependencies.make
make[1]: quittant le répertoire « /projet/auger/Diane/LHAASIM/LhaaSim/v0r2/cmt »
